[0.460s] DEBUG:colcon:Command line arguments: ['/usr/bin/colcon', 'build']
[0.460s] DEBUG:colcon:Parsed command line arguments: Namespace(log_base=None, log_level=None, verb_name='build', build_base='build', install_base='install', merge_install=False, symlink_install=False, test_result_base=None, continue_on_error=False, executor='parallel', parallel_workers=4, event_handlers=None, ignore_user_meta=False, metas=['./colcon.meta'], base_paths=['.'], packages_ignore=None, packages_ignore_regex=None, paths=None, packages_up_to=None, packages_up_to_regex=None, packages_above=None, packages_above_and_dependencies=None, packages_above_depth=None, packages_select_by_dep=None, packages_skip_by_dep=None, packages_skip_up_to=None, packages_select_build_failed=False, packages_skip_build_finished=False, packages_select_test_failures=False, packages_skip_test_passed=False, packages_select=None, packages_skip=None, packages_select_regex=None, packages_skip_regex=None, packages_start=None, packages_end=None, allow_overriding=[], cmake_args=None, cmake_target=None, cmake_target_skip_unavailable=False, cmake_clean_cache=False, cmake_clean_first=False, cmake_force_configure=False, ament_cmake_args=None, catkin_cmake_args=None, catkin_skip_building_tests=False, mixin_files=None, mixin=None, verb_parser=<colcon_mixin.mixin.mixin_argument.MixinArgumentDecorator object at 0xffff8df76c00>, verb_extension=<colcon_core.verb.build.BuildVerb object at 0xffff8e097500>, main=<bound method BuildVerb.main of <colcon_core.verb.build.BuildVerb object at 0xffff8e097500>>, mixin_verb=('build',))
[0.632s] Level 1:colcon.colcon_core.package_discovery:discover_packages(colcon_meta) check parameters
[0.633s] Level 1:colcon.colcon_core.package_discovery:discover_packages(recursive) check parameters
[0.633s] Level 1:colcon.colcon_core.package_discovery:discover_packages(ignore) check parameters
[0.633s] Level 1:colcon.colcon_core.package_discovery:discover_packages(path) check parameters
[0.633s] Level 1:colcon.colcon_core.package_discovery:discover_packages(colcon_meta) discover
[0.634s] Level 1:colcon.colcon_core.package_discovery:discover_packages(recursive) discover
[0.634s] INFO:colcon.colcon_core.package_discovery:Crawling recursively for packages in '/home/optimus/optimus_ws'
[0.634s] Level 1:colcon.colcon_core.package_identification:_identify(.) by extensions ['ignore', 'ignore_ament_install']
[0.635s] Level 1:colcon.colcon_core.package_identification:_identify(.) by extension 'ignore'
[0.635s] Level 1:colcon.colcon_core.package_identification:_identify(.) by extension 'ignore_ament_install'
[0.635s] Level 1:colcon.colcon_core.package_identification:_identify(.) by extensions ['colcon_pkg']
[0.635s] Level 1:colcon.colcon_core.package_identification:_identify(.) by extension 'colcon_pkg'
[0.636s] Level 1:colcon.colcon_core.package_identification:_identify(.) by extensions ['colcon_meta']
[0.636s] Level 1:colcon.colcon_core.package_identification:_identify(.) by extension 'colcon_meta'
[0.636s] Level 1:colcon.colcon_core.package_identification:_identify(.) by extensions ['ros']
[0.636s] Level 1:colcon.colcon_core.package_identification:_identify(.) by extension 'ros'
[0.750s] Level 1:colcon.colcon_core.package_identification:_identify(.) by extensions ['cmake', 'python']
[0.750s] Level 1:colcon.colcon_core.package_identification:_identify(.) by extension 'cmake'
[0.751s] Level 1:colcon.colcon_core.package_identification:_identify(.) by extension 'python'
[0.751s] Level 1:colcon.colcon_core.package_identification:_identify(.) by extensions ['python_setup_py']
[0.751s] Level 1:colcon.colcon_core.package_identification:_identify(.) by extension 'python_setup_py'
[0.752s] Level 1:colcon.colcon_core.package_identification:_identify(build) by extensions ['ignore', 'ignore_ament_install']
[0.752s] Level 1:colcon.colcon_core.package_identification:_identify(build) by extension 'ignore'
[0.753s] Level 1:colcon.colcon_core.package_identification:_identify(build) ignored
[0.753s] Level 1:colcon.colcon_core.package_identification:_identify(install) by extensions ['ignore', 'ignore_ament_install']
[0.754s] Level 1:colcon.colcon_core.package_identification:_identify(install) by extension 'ignore'
[0.754s] Level 1:colcon.colcon_core.package_identification:_identify(install) ignored
[0.755s] Level 1:colcon.colcon_core.package_identification:_identify(log) by extensions ['ignore', 'ignore_ament_install']
[0.755s] Level 1:colcon.colcon_core.package_identification:_identify(log) by extension 'ignore'
[0.755s] Level 1:colcon.colcon_core.package_identification:_identify(log) ignored
[0.756s] Level 1:colcon.colcon_core.package_identification:_identify(src) by extensions ['ignore', 'ignore_ament_install']
[0.756s] Level 1:colcon.colcon_core.package_identification:_identify(src) by extension 'ignore'
[0.756s] Level 1:colcon.colcon_core.package_identification:_identify(src) by extension 'ignore_ament_install'
[0.757s] Level 1:colcon.colcon_core.package_identification:_identify(src) by extensions ['colcon_pkg']
[0.757s] Level 1:colcon.colcon_core.package_identification:_identify(src) by extension 'colcon_pkg'
[0.757s] Level 1:colcon.colcon_core.package_identification:_identify(src) by extensions ['colcon_meta']
[0.757s] Level 1:colcon.colcon_core.package_identification:_identify(src) by extension 'colcon_meta'
[0.757s] Level 1:colcon.colcon_core.package_identification:_identify(src) by extensions ['ros']
[0.758s] Level 1:colcon.colcon_core.package_identification:_identify(src) by extension 'ros'
[0.758s] Level 1:colcon.colcon_core.package_identification:_identify(src) by extensions ['cmake', 'python']
[0.758s] Level 1:colcon.colcon_core.package_identification:_identify(src) by extension 'cmake'
[0.758s] Level 1:colcon.colcon_core.package_identification:_identify(src) by extension 'python'
[0.759s] Level 1:colcon.colcon_core.package_identification:_identify(src) by extensions ['python_setup_py']
[0.759s] Level 1:colcon.colcon_core.package_identification:_identify(src) by extension 'python_setup_py'
[0.759s] Level 1:colcon.colcon_core.package_identification:_identify(src/optimus_hardware) by extensions ['ignore', 'ignore_ament_install']
[0.760s] Level 1:colcon.colcon_core.package_identification:_identify(src/optimus_hardware) by extension 'ignore'
[0.760s] Level 1:colcon.colcon_core.package_identification:_identify(src/optimus_hardware) by extension 'ignore_ament_install'
[0.760s] Level 1:colcon.colcon_core.package_identification:_identify(src/optimus_hardware) by extensions ['colcon_pkg']
[0.761s] Level 1:colcon.colcon_core.package_identification:_identify(src/optimus_hardware) by extension 'colcon_pkg'
[0.761s] Level 1:colcon.colcon_core.package_identification:_identify(src/optimus_hardware) by extensions ['colcon_meta']
[0.761s] Level 1:colcon.colcon_core.package_identification:_identify(src/optimus_hardware) by extension 'colcon_meta'
[0.761s] Level 1:colcon.colcon_core.package_identification:_identify(src/optimus_hardware) by extensions ['ros']
[0.761s] Level 1:colcon.colcon_core.package_identification:_identify(src/optimus_hardware) by extension 'ros'
[0.772s] DEBUG:colcon.colcon_core.package_identification:Package 'src/optimus_hardware' with type 'ros.ament_python' and name 'optimus_hardware'
[0.772s] Level 1:colcon.colcon_core.package_discovery:discover_packages(recursive) using defaults
[0.773s] Level 1:colcon.colcon_core.package_discovery:discover_packages(ignore) discover
[0.773s] Level 1:colcon.colcon_core.package_discovery:discover_packages(ignore) using defaults
[0.773s] Level 1:colcon.colcon_core.package_discovery:discover_packages(path) discover
[0.773s] Level 1:colcon.colcon_core.package_discovery:discover_packages(path) using defaults
[0.847s] Level 1:colcon.colcon_core.package_discovery:discover_packages(prefix_path) check parameters
[0.847s] Level 1:colcon.colcon_core.package_discovery:discover_packages(prefix_path) discover
[0.854s] DEBUG:colcon.colcon_installed_package_information.package_discovery:Found 1 installed packages in /home/optimus/optimus_ws/install
[0.865s] DEBUG:colcon.colcon_installed_package_information.package_discovery:Found 293 installed packages in /opt/ros/jazzy
[0.869s] Level 1:colcon.colcon_core.package_discovery:discover_packages(prefix_path) using defaults
[1.072s] Level 5:colcon.colcon_core.verb:set package 'optimus_hardware' build argument 'cmake_args' from command line to 'None'
[1.072s] Level 5:colcon.colcon_core.verb:set package 'optimus_hardware' build argument 'cmake_target' from command line to 'None'
[1.072s] Level 5:colcon.colcon_core.verb:set package 'optimus_hardware' build argument 'cmake_target_skip_unavailable' from command line to 'False'
[1.073s] Level 5:colcon.colcon_core.verb:set package 'optimus_hardware' build argument 'cmake_clean_cache' from command line to 'False'
[1.073s] Level 5:colcon.colcon_core.verb:set package 'optimus_hardware' build argument 'cmake_clean_first' from command line to 'False'
[1.073s] Level 5:colcon.colcon_core.verb:set package 'optimus_hardware' build argument 'cmake_force_configure' from command line to 'False'
[1.073s] Level 5:colcon.colcon_core.verb:set package 'optimus_hardware' build argument 'ament_cmake_args' from command line to 'None'
[1.073s] Level 5:colcon.colcon_core.verb:set package 'optimus_hardware' build argument 'catkin_cmake_args' from command line to 'None'
[1.073s] Level 5:colcon.colcon_core.verb:set package 'optimus_hardware' build argument 'catkin_skip_building_tests' from command line to 'False'
[1.073s] DEBUG:colcon.colcon_core.verb:Building package 'optimus_hardware' with the following arguments: {'ament_cmake_args': None, 'build_base': '/home/optimus/optimus_ws/build/optimus_hardware', 'catkin_cmake_args': None, 'catkin_skip_building_tests': False, 'cmake_args': None, 'cmake_clean_cache': False, 'cmake_clean_first': False, 'cmake_force_configure': False, 'cmake_target': None, 'cmake_target_skip_unavailable': False, 'install_base': '/home/optimus/optimus_ws/install/optimus_hardware', 'merge_install': False, 'path': '/home/optimus/optimus_ws/src/optimus_hardware', 'symlink_install': False, 'test_result_base': None}
[1.074s] INFO:colcon.colcon_core.executor:Executing jobs using 'parallel' executor
[1.078s] DEBUG:colcon.colcon_parallel_executor.executor.parallel:run_until_complete
[1.079s] INFO:colcon.colcon_ros.task.ament_python.build:Building ROS package in '/home/optimus/optimus_ws/src/optimus_hardware' with build type 'ament_python'
[1.079s] Level 1:colcon.colcon_core.shell:create_environment_hook('optimus_hardware', 'ament_prefix_path')
[1.089s] INFO:colcon.colcon_core.plugin_system:Skipping extension 'colcon_core.shell.bat': Not used on non-Windows systems
[1.090s] INFO:colcon.colcon_core.shell:Creating environment hook '/home/optimus/optimus_ws/install/optimus_hardware/share/optimus_hardware/hook/ament_prefix_path.ps1'
[1.092s] INFO:colcon.colcon_core.shell:Creating environment descriptor '/home/optimus/optimus_ws/install/optimus_hardware/share/optimus_hardware/hook/ament_prefix_path.dsv'
[1.094s] INFO:colcon.colcon_core.shell:Creating environment hook '/home/optimus/optimus_ws/install/optimus_hardware/share/optimus_hardware/hook/ament_prefix_path.sh'
[1.098s] INFO:colcon.colcon_core.shell:Skip shell extension 'powershell' for command environment: Not usable outside of PowerShell
[1.098s] DEBUG:colcon.colcon_core.shell:Skip shell extension 'dsv' for command environment
[2.095s] INFO:colcon.colcon_core.task.python.build:Building Python package in '/home/optimus/optimus_ws/src/optimus_hardware'
[2.096s] INFO:colcon.colcon_core.shell:Skip shell extension 'powershell' for command environment: Not usable outside of PowerShell
[2.096s] DEBUG:colcon.colcon_core.shell:Skip shell extension 'dsv' for command environment
[4.879s] DEBUG:colcon.colcon_core.event_handler.log_command:Invoking command in '/home/optimus/optimus_ws/src/optimus_hardware': DEBUGINFOD_URLS=https://debuginfod.ubuntu.com PYTHONPATH=/home/optimus/optimus_ws/build/optimus_hardware/prefix_override:/usr/lib/python3/dist-packages/colcon_core/task/python/colcon_distutils_commands:/home/optimus/optimus_ws/install/optimus_hardware/lib/python3.12/site-packages:${PYTHONPATH} /usr/bin/python3 -W ignore:setup.py install is deprecated -W ignore:easy_install command is deprecated setup.py egg_info --egg-base ../../build/optimus_hardware build --build-base /home/optimus/optimus_ws/build/optimus_hardware/build install --record /home/optimus/optimus_ws/build/optimus_hardware/install.log --single-version-externally-managed install_data
[7.411s] DEBUG:colcon.colcon_core.event_handler.log_command:Invoked command in '/home/optimus/optimus_ws/src/optimus_hardware' returned '0': DEBUGINFOD_URLS=https://debuginfod.ubuntu.com PYTHONPATH=/home/optimus/optimus_ws/build/optimus_hardware/prefix_override:/usr/lib/python3/dist-packages/colcon_core/task/python/colcon_distutils_commands:/home/optimus/optimus_ws/install/optimus_hardware/lib/python3.12/site-packages:${PYTHONPATH} /usr/bin/python3 -W ignore:setup.py install is deprecated -W ignore:easy_install command is deprecated setup.py egg_info --egg-base ../../build/optimus_hardware build --build-base /home/optimus/optimus_ws/build/optimus_hardware/build install --record /home/optimus/optimus_ws/build/optimus_hardware/install.log --single-version-externally-managed install_data
[7.422s] Level 1:colcon.colcon_core.environment:checking '/home/optimus/optimus_ws/install/optimus_hardware' for CMake module files
[7.426s] Level 1:colcon.colcon_core.environment:checking '/home/optimus/optimus_ws/install/optimus_hardware' for CMake config files
[7.430s] Level 1:colcon.colcon_core.environment:checking '/home/optimus/optimus_ws/install/optimus_hardware/lib'
[7.432s] Level 1:colcon.colcon_core.environment:checking '/home/optimus/optimus_ws/install/optimus_hardware/bin'
[7.432s] Level 1:colcon.colcon_core.environment:checking '/home/optimus/optimus_ws/install/optimus_hardware/lib/pkgconfig/optimus_hardware.pc'
[7.433s] Level 1:colcon.colcon_core.environment:checking '/home/optimus/optimus_ws/install/optimus_hardware/lib/python3.12/site-packages'
[7.434s] Level 1:colcon.colcon_core.shell:create_environment_hook('optimus_hardware', 'pythonpath')
[7.435s] INFO:colcon.colcon_core.shell:Creating environment hook '/home/optimus/optimus_ws/install/optimus_hardware/share/optimus_hardware/hook/pythonpath.ps1'
[7.437s] INFO:colcon.colcon_core.shell:Creating environment descriptor '/home/optimus/optimus_ws/install/optimus_hardware/share/optimus_hardware/hook/pythonpath.dsv'
[7.441s] INFO:colcon.colcon_core.shell:Creating environment hook '/home/optimus/optimus_ws/install/optimus_hardware/share/optimus_hardware/hook/pythonpath.sh'
[7.444s] Level 1:colcon.colcon_core.environment:checking '/home/optimus/optimus_ws/install/optimus_hardware/bin'
[7.445s] Level 1:colcon.colcon_core.environment:create_environment_scripts_only(optimus_hardware)
[7.446s] INFO:colcon.colcon_core.shell:Creating package script '/home/optimus/optimus_ws/install/optimus_hardware/share/optimus_hardware/package.ps1'
[7.449s] INFO:colcon.colcon_core.shell:Creating package descriptor '/home/optimus/optimus_ws/install/optimus_hardware/share/optimus_hardware/package.dsv'
[7.452s] INFO:colcon.colcon_core.shell:Creating package script '/home/optimus/optimus_ws/install/optimus_hardware/share/optimus_hardware/package.sh'
[7.456s] INFO:colcon.colcon_core.shell:Creating package script '/home/optimus/optimus_ws/install/optimus_hardware/share/optimus_hardware/package.bash'
[7.460s] INFO:colcon.colcon_core.shell:Creating package script '/home/optimus/optimus_ws/install/optimus_hardware/share/optimus_hardware/package.zsh'
[7.463s] Level 1:colcon.colcon_core.environment:create_file_with_runtime_dependencies(/home/optimus/optimus_ws/install/optimus_hardware/share/colcon-core/packages/optimus_hardware)
[7.465s] DEBUG:colcon.colcon_parallel_executor.executor.parallel:closing loop
[7.467s] DEBUG:colcon.colcon_parallel_executor.executor.parallel:loop closed
[7.467s] DEBUG:colcon.colcon_parallel_executor.executor.parallel:run_until_complete finished with '0'
[7.468s] DEBUG:colcon.colcon_core.event_reactor:joining thread
[7.490s] INFO:colcon.colcon_core.plugin_system:Skipping extension 'colcon_notification.desktop_notification.terminal_notifier': Not used on non-Darwin systems
[7.491s] INFO:colcon.colcon_core.plugin_system:Skipping extension 'colcon_notification.desktop_notification.win32': Not used on non-Windows systems
[7.491s] INFO:colcon.colcon_notification.desktop_notification:Sending desktop notification using 'notify2'
[7.541s] DEBUG:colcon.colcon_core.event_reactor:joined thread
[7.542s] INFO:colcon.colcon_core.shell:Creating prefix script '/home/optimus/optimus_ws/install/local_setup.ps1'
[7.545s] INFO:colcon.colcon_core.shell:Creating prefix util module '/home/optimus/optimus_ws/install/_local_setup_util_ps1.py'
[7.550s] INFO:colcon.colcon_core.shell:Creating prefix chain script '/home/optimus/optimus_ws/install/setup.ps1'
[7.554s] INFO:colcon.colcon_core.shell:Creating prefix script '/home/optimus/optimus_ws/install/local_setup.sh'
[7.558s] INFO:colcon.colcon_core.shell:Creating prefix util module '/home/optimus/optimus_ws/install/_local_setup_util_sh.py'
[7.562s] INFO:colcon.colcon_core.shell:Creating prefix chain script '/home/optimus/optimus_ws/install/setup.sh'
[7.566s] INFO:colcon.colcon_core.shell:Creating prefix script '/home/optimus/optimus_ws/install/local_setup.bash'
[7.569s] INFO:colcon.colcon_core.shell:Creating prefix chain script '/home/optimus/optimus_ws/install/setup.bash'
[7.573s] INFO:colcon.colcon_core.shell:Creating prefix script '/home/optimus/optimus_ws/install/local_setup.zsh'
[7.575s] INFO:colcon.colcon_core.shell:Creating prefix chain script '/home/optimus/optimus_ws/install/setup.zsh'
