[0.469s] DEBUG:colcon:Command line arguments: ['/usr/bin/colcon', 'build', '--packages-select', 'optimus_hardware', '--symlink-install']
[0.469s] DEBUG:colcon:Parsed command line arguments: Namespace(log_base=None, log_level=None, verb_name='build', build_base='build', install_base='install', merge_install=False, symlink_install=True, test_result_base=None, continue_on_error=False, executor='parallel', parallel_workers=4, event_handlers=None, ignore_user_meta=False, metas=['./colcon.meta'], base_paths=['.'], packages_ignore=None, packages_ignore_regex=None, paths=None, packages_up_to=None, packages_up_to_regex=None, packages_above=None, packages_above_and_dependencies=None, packages_above_depth=None, packages_select_by_dep=None, packages_skip_by_dep=None, packages_skip_up_to=None, packages_select_build_failed=False, packages_skip_build_finished=False, packages_select_test_failures=False, packages_skip_test_passed=False, packages_select=['optimus_hardware'], packages_skip=None, packages_select_regex=None, packages_skip_regex=None, packages_start=None, packages_end=None, allow_overriding=[], cmake_args=None, cmake_target=None, cmake_target_skip_unavailable=False, cmake_clean_cache=False, cmake_clean_first=False, cmake_force_configure=False, ament_cmake_args=None, catkin_cmake_args=None, catkin_skip_building_tests=False, mixin_files=None, mixin=None, verb_parser=<colcon_mixin.mixin.mixin_argument.MixinArgumentDecorator object at 0xffffab8bb650>, verb_extension=<colcon_core.verb.build.BuildVerb object at 0xffffaba73e60>, main=<bound method BuildVerb.main of <colcon_core.verb.build.BuildVerb object at 0xffffaba73e60>>, mixin_verb=('build',))
[0.648s] Level 1:colcon.colcon_core.package_discovery:discover_packages(colcon_meta) check parameters
[0.649s] Level 1:colcon.colcon_core.package_discovery:discover_packages(recursive) check parameters
[0.649s] Level 1:colcon.colcon_core.package_discovery:discover_packages(ignore) check parameters
[0.649s] Level 1:colcon.colcon_core.package_discovery:discover_packages(path) check parameters
[0.649s] Level 1:colcon.colcon_core.package_discovery:discover_packages(colcon_meta) discover
[0.649s] Level 1:colcon.colcon_core.package_discovery:discover_packages(recursive) discover
[0.650s] INFO:colcon.colcon_core.package_discovery:Crawling recursively for packages in '/home/optimus/optimus_ws'
[0.650s] Level 1:colcon.colcon_core.package_identification:_identify(.) by extensions ['ignore', 'ignore_ament_install']
[0.650s] Level 1:colcon.colcon_core.package_identification:_identify(.) by extension 'ignore'
[0.651s] Level 1:colcon.colcon_core.package_identification:_identify(.) by extension 'ignore_ament_install'
[0.651s] Level 1:colcon.colcon_core.package_identification:_identify(.) by extensions ['colcon_pkg']
[0.651s] Level 1:colcon.colcon_core.package_identification:_identify(.) by extension 'colcon_pkg'
[0.651s] Level 1:colcon.colcon_core.package_identification:_identify(.) by extensions ['colcon_meta']
[0.651s] Level 1:colcon.colcon_core.package_identification:_identify(.) by extension 'colcon_meta'
[0.651s] Level 1:colcon.colcon_core.package_identification:_identify(.) by extensions ['ros']
[0.652s] Level 1:colcon.colcon_core.package_identification:_identify(.) by extension 'ros'
[0.758s] Level 1:colcon.colcon_core.package_identification:_identify(.) by extensions ['cmake', 'python']
[0.759s] Level 1:colcon.colcon_core.package_identification:_identify(.) by extension 'cmake'
[0.759s] Level 1:colcon.colcon_core.package_identification:_identify(.) by extension 'python'
[0.759s] Level 1:colcon.colcon_core.package_identification:_identify(.) by extensions ['python_setup_py']
[0.759s] Level 1:colcon.colcon_core.package_identification:_identify(.) by extension 'python_setup_py'
[0.760s] Level 1:colcon.colcon_core.package_identification:_identify(build) by extensions ['ignore', 'ignore_ament_install']
[0.760s] Level 1:colcon.colcon_core.package_identification:_identify(build) by extension 'ignore'
[0.760s] Level 1:colcon.colcon_core.package_identification:_identify(build) ignored
[0.761s] Level 1:colcon.colcon_core.package_identification:_identify(install) by extensions ['ignore', 'ignore_ament_install']
[0.761s] Level 1:colcon.colcon_core.package_identification:_identify(install) by extension 'ignore'
[0.761s] Level 1:colcon.colcon_core.package_identification:_identify(install) ignored
[0.762s] Level 1:colcon.colcon_core.package_identification:_identify(log) by extensions ['ignore', 'ignore_ament_install']
[0.762s] Level 1:colcon.colcon_core.package_identification:_identify(log) by extension 'ignore'
[0.763s] Level 1:colcon.colcon_core.package_identification:_identify(log) ignored
[0.763s] Level 1:colcon.colcon_core.package_identification:_identify(src) by extensions ['ignore', 'ignore_ament_install']
[0.763s] Level 1:colcon.colcon_core.package_identification:_identify(src) by extension 'ignore'
[0.763s] Level 1:colcon.colcon_core.package_identification:_identify(src) by extension 'ignore_ament_install'
[0.764s] Level 1:colcon.colcon_core.package_identification:_identify(src) by extensions ['colcon_pkg']
[0.764s] Level 1:colcon.colcon_core.package_identification:_identify(src) by extension 'colcon_pkg'
[0.764s] Level 1:colcon.colcon_core.package_identification:_identify(src) by extensions ['colcon_meta']
[0.764s] Level 1:colcon.colcon_core.package_identification:_identify(src) by extension 'colcon_meta'
[0.764s] Level 1:colcon.colcon_core.package_identification:_identify(src) by extensions ['ros']
[0.764s] Level 1:colcon.colcon_core.package_identification:_identify(src) by extension 'ros'
[0.765s] Level 1:colcon.colcon_core.package_identification:_identify(src) by extensions ['cmake', 'python']
[0.765s] Level 1:colcon.colcon_core.package_identification:_identify(src) by extension 'cmake'
[0.765s] Level 1:colcon.colcon_core.package_identification:_identify(src) by extension 'python'
[0.765s] Level 1:colcon.colcon_core.package_identification:_identify(src) by extensions ['python_setup_py']
[0.765s] Level 1:colcon.colcon_core.package_identification:_identify(src) by extension 'python_setup_py'
[0.766s] Level 1:colcon.colcon_core.package_identification:_identify(src/optimus_hardware) by extensions ['ignore', 'ignore_ament_install']
[0.766s] Level 1:colcon.colcon_core.package_identification:_identify(src/optimus_hardware) by extension 'ignore'
[0.766s] Level 1:colcon.colcon_core.package_identification:_identify(src/optimus_hardware) by extension 'ignore_ament_install'
[0.767s] Level 1:colcon.colcon_core.package_identification:_identify(src/optimus_hardware) by extensions ['colcon_pkg']
[0.767s] Level 1:colcon.colcon_core.package_identification:_identify(src/optimus_hardware) by extension 'colcon_pkg'
[0.767s] Level 1:colcon.colcon_core.package_identification:_identify(src/optimus_hardware) by extensions ['colcon_meta']
[0.767s] Level 1:colcon.colcon_core.package_identification:_identify(src/optimus_hardware) by extension 'colcon_meta'
[0.767s] Level 1:colcon.colcon_core.package_identification:_identify(src/optimus_hardware) by extensions ['ros']
[0.767s] Level 1:colcon.colcon_core.package_identification:_identify(src/optimus_hardware) by extension 'ros'
[0.776s] DEBUG:colcon.colcon_core.package_identification:Package 'src/optimus_hardware' with type 'ros.ament_python' and name 'optimus_hardware'
[0.776s] Level 1:colcon.colcon_core.package_identification:_identify(src/optimus_interfaces) by extensions ['ignore', 'ignore_ament_install']
[0.777s] Level 1:colcon.colcon_core.package_identification:_identify(src/optimus_interfaces) by extension 'ignore'
[0.777s] Level 1:colcon.colcon_core.package_identification:_identify(src/optimus_interfaces) by extension 'ignore_ament_install'
[0.777s] Level 1:colcon.colcon_core.package_identification:_identify(src/optimus_interfaces) by extensions ['colcon_pkg']
[0.777s] Level 1:colcon.colcon_core.package_identification:_identify(src/optimus_interfaces) by extension 'colcon_pkg'
[0.778s] Level 1:colcon.colcon_core.package_identification:_identify(src/optimus_interfaces) by extensions ['colcon_meta']
[0.778s] Level 1:colcon.colcon_core.package_identification:_identify(src/optimus_interfaces) by extension 'colcon_meta'
[0.778s] Level 1:colcon.colcon_core.package_identification:_identify(src/optimus_interfaces) by extensions ['ros']
[0.778s] Level 1:colcon.colcon_core.package_identification:_identify(src/optimus_interfaces) by extension 'ros'
[0.781s] DEBUG:colcon.colcon_core.package_identification:Package 'src/optimus_interfaces' with type 'ros.ament_cmake' and name 'optimus_interfaces'
[0.781s] Level 1:colcon.colcon_core.package_discovery:discover_packages(recursive) using defaults
[0.781s] Level 1:colcon.colcon_core.package_discovery:discover_packages(ignore) discover
[0.781s] Level 1:colcon.colcon_core.package_discovery:discover_packages(ignore) using defaults
[0.782s] Level 1:colcon.colcon_core.package_discovery:discover_packages(path) discover
[0.782s] Level 1:colcon.colcon_core.package_discovery:discover_packages(path) using defaults
[0.870s] INFO:colcon.colcon_core.package_selection:Skipping not selected package 'optimus_interfaces' in 'src/optimus_interfaces'
[0.873s] Level 1:colcon.colcon_core.package_discovery:discover_packages(prefix_path) check parameters
[0.873s] Level 1:colcon.colcon_core.package_discovery:discover_packages(prefix_path) discover
[0.886s] DEBUG:colcon.colcon_installed_package_information.package_discovery:Found 2 installed packages in /home/optimus/optimus_ws/install
[0.897s] DEBUG:colcon.colcon_installed_package_information.package_discovery:Found 293 installed packages in /opt/ros/jazzy
[0.901s] Level 1:colcon.colcon_core.package_discovery:discover_packages(prefix_path) using defaults
[1.135s] Level 5:colcon.colcon_core.verb:set package 'optimus_hardware' build argument 'cmake_args' from command line to 'None'
[1.135s] Level 5:colcon.colcon_core.verb:set package 'optimus_hardware' build argument 'cmake_target' from command line to 'None'
[1.135s] Level 5:colcon.colcon_core.verb:set package 'optimus_hardware' build argument 'cmake_target_skip_unavailable' from command line to 'False'
[1.136s] Level 5:colcon.colcon_core.verb:set package 'optimus_hardware' build argument 'cmake_clean_cache' from command line to 'False'
[1.136s] Level 5:colcon.colcon_core.verb:set package 'optimus_hardware' build argument 'cmake_clean_first' from command line to 'False'
[1.136s] Level 5:colcon.colcon_core.verb:set package 'optimus_hardware' build argument 'cmake_force_configure' from command line to 'False'
[1.136s] Level 5:colcon.colcon_core.verb:set package 'optimus_hardware' build argument 'ament_cmake_args' from command line to 'None'
[1.136s] Level 5:colcon.colcon_core.verb:set package 'optimus_hardware' build argument 'catkin_cmake_args' from command line to 'None'
[1.136s] Level 5:colcon.colcon_core.verb:set package 'optimus_hardware' build argument 'catkin_skip_building_tests' from command line to 'False'
[1.136s] DEBUG:colcon.colcon_core.verb:Building package 'optimus_hardware' with the following arguments: {'ament_cmake_args': None, 'build_base': '/home/optimus/optimus_ws/build/optimus_hardware', 'catkin_cmake_args': None, 'catkin_skip_building_tests': False, 'cmake_args': None, 'cmake_clean_cache': False, 'cmake_clean_first': False, 'cmake_force_configure': False, 'cmake_target': None, 'cmake_target_skip_unavailable': False, 'install_base': '/home/optimus/optimus_ws/install/optimus_hardware', 'merge_install': False, 'path': '/home/optimus/optimus_ws/src/optimus_hardware', 'symlink_install': True, 'test_result_base': None}
[1.137s] INFO:colcon.colcon_core.executor:Executing jobs using 'parallel' executor
[1.140s] DEBUG:colcon.colcon_parallel_executor.executor.parallel:run_until_complete
[1.141s] INFO:colcon.colcon_ros.task.ament_python.build:Building ROS package in '/home/optimus/optimus_ws/src/optimus_hardware' with build type 'ament_python'
[1.141s] Level 1:colcon.colcon_core.shell:create_environment_hook('optimus_hardware', 'ament_prefix_path')
[1.156s] INFO:colcon.colcon_core.plugin_system:Skipping extension 'colcon_core.shell.bat': Not used on non-Windows systems
[1.157s] INFO:colcon.colcon_core.shell:Creating environment hook '/home/optimus/optimus_ws/install/optimus_hardware/share/optimus_hardware/hook/ament_prefix_path.ps1'
[1.161s] INFO:colcon.colcon_core.shell:Creating environment descriptor '/home/optimus/optimus_ws/install/optimus_hardware/share/optimus_hardware/hook/ament_prefix_path.dsv'
[1.165s] INFO:colcon.colcon_core.shell:Creating environment hook '/home/optimus/optimus_ws/install/optimus_hardware/share/optimus_hardware/hook/ament_prefix_path.sh'
[1.169s] INFO:colcon.colcon_core.shell:Skip shell extension 'powershell' for command environment: Not usable outside of PowerShell
[1.169s] DEBUG:colcon.colcon_core.shell:Skip shell extension 'dsv' for command environment
[2.217s] INFO:colcon.colcon_core.task.python.build:Building Python package in '/home/optimus/optimus_ws/src/optimus_hardware'
[2.218s] INFO:colcon.colcon_core.shell:Skip shell extension 'powershell' for command environment: Not usable outside of PowerShell
[2.218s] DEBUG:colcon.colcon_core.shell:Skip shell extension 'dsv' for command environment
[5.812s] DEBUG:colcon.colcon_core.event_handler.log_command:Invoking command in '/home/optimus/optimus_ws/build/optimus_hardware': DEBUGINFOD_URLS=https://debuginfod.ubuntu.com PYTHONPATH=/home/optimus/optimus_ws/build/optimus_hardware/prefix_override:/usr/lib/python3/dist-packages/colcon_core/task/python/colcon_distutils_commands:/home/optimus/optimus_ws/install/optimus_hardware/lib/python3.12/site-packages:${PYTHONPATH} /usr/bin/python3 -W ignore:setup.py install is deprecated -W ignore:easy_install command is deprecated setup.py develop --editable --build-directory /home/optimus/optimus_ws/build/optimus_hardware/build --no-deps symlink_data
[9.012s] Level 1:colcon.colcon_core.shell:create_environment_hook('optimus_hardware', 'pythonpath_develop')
[9.013s] INFO:colcon.colcon_core.shell:Creating environment hook '/home/optimus/optimus_ws/build/optimus_hardware/share/optimus_hardware/hook/pythonpath_develop.ps1'
[9.014s] DEBUG:colcon.colcon_core.event_handler.log_command:Invoked command in '/home/optimus/optimus_ws/build/optimus_hardware' returned '0': DEBUGINFOD_URLS=https://debuginfod.ubuntu.com PYTHONPATH=/home/optimus/optimus_ws/build/optimus_hardware/prefix_override:/usr/lib/python3/dist-packages/colcon_core/task/python/colcon_distutils_commands:/home/optimus/optimus_ws/install/optimus_hardware/lib/python3.12/site-packages:${PYTHONPATH} /usr/bin/python3 -W ignore:setup.py install is deprecated -W ignore:easy_install command is deprecated setup.py develop --editable --build-directory /home/optimus/optimus_ws/build/optimus_hardware/build --no-deps symlink_data
[9.017s] INFO:colcon.colcon_core.shell:Creating environment descriptor '/home/optimus/optimus_ws/build/optimus_hardware/share/optimus_hardware/hook/pythonpath_develop.dsv'
[9.019s] INFO:colcon.colcon_core.shell:Creating environment hook '/home/optimus/optimus_ws/build/optimus_hardware/share/optimus_hardware/hook/pythonpath_develop.sh'
[9.038s] Level 1:colcon.colcon_core.environment:checking '/home/optimus/optimus_ws/install/optimus_hardware' for CMake module files
[9.041s] Level 1:colcon.colcon_core.environment:checking '/home/optimus/optimus_ws/install/optimus_hardware' for CMake config files
[9.045s] Level 1:colcon.colcon_core.environment:checking '/home/optimus/optimus_ws/install/optimus_hardware/lib'
[9.046s] Level 1:colcon.colcon_core.environment:checking '/home/optimus/optimus_ws/install/optimus_hardware/bin'
[9.046s] Level 1:colcon.colcon_core.environment:checking '/home/optimus/optimus_ws/install/optimus_hardware/lib/pkgconfig/optimus_hardware.pc'
[9.047s] Level 1:colcon.colcon_core.environment:checking '/home/optimus/optimus_ws/install/optimus_hardware/lib/python3.12/site-packages'
[9.048s] Level 1:colcon.colcon_core.shell:create_environment_hook('optimus_hardware', 'pythonpath')
[9.049s] INFO:colcon.colcon_core.shell:Creating environment hook '/home/optimus/optimus_ws/install/optimus_hardware/share/optimus_hardware/hook/pythonpath.ps1'
[9.051s] INFO:colcon.colcon_core.shell:Creating environment descriptor '/home/optimus/optimus_ws/install/optimus_hardware/share/optimus_hardware/hook/pythonpath.dsv'
[9.053s] INFO:colcon.colcon_core.shell:Creating environment hook '/home/optimus/optimus_ws/install/optimus_hardware/share/optimus_hardware/hook/pythonpath.sh'
[9.056s] Level 1:colcon.colcon_core.environment:checking '/home/optimus/optimus_ws/install/optimus_hardware/bin'
[9.056s] Level 1:colcon.colcon_core.environment:create_environment_scripts_only(optimus_hardware)
[9.057s] INFO:colcon.colcon_core.shell:Creating package script '/home/optimus/optimus_ws/install/optimus_hardware/share/optimus_hardware/package.ps1'
[9.061s] INFO:colcon.colcon_core.shell:Creating package descriptor '/home/optimus/optimus_ws/install/optimus_hardware/share/optimus_hardware/package.dsv'
[9.065s] INFO:colcon.colcon_core.shell:Creating package script '/home/optimus/optimus_ws/install/optimus_hardware/share/optimus_hardware/package.sh'
[9.071s] INFO:colcon.colcon_core.shell:Creating package script '/home/optimus/optimus_ws/install/optimus_hardware/share/optimus_hardware/package.bash'
[9.075s] INFO:colcon.colcon_core.shell:Creating package script '/home/optimus/optimus_ws/install/optimus_hardware/share/optimus_hardware/package.zsh'
[9.079s] Level 1:colcon.colcon_core.environment:create_file_with_runtime_dependencies(/home/optimus/optimus_ws/install/optimus_hardware/share/colcon-core/packages/optimus_hardware)
[9.081s] DEBUG:colcon.colcon_parallel_executor.executor.parallel:closing loop
[9.083s] DEBUG:colcon.colcon_parallel_executor.executor.parallel:loop closed
[9.083s] DEBUG:colcon.colcon_parallel_executor.executor.parallel:run_until_complete finished with '0'
[9.083s] DEBUG:colcon.colcon_core.event_reactor:joining thread
[9.113s] INFO:colcon.colcon_core.plugin_system:Skipping extension 'colcon_notification.desktop_notification.terminal_notifier': Not used on non-Darwin systems
[9.113s] INFO:colcon.colcon_core.plugin_system:Skipping extension 'colcon_notification.desktop_notification.win32': Not used on non-Windows systems
[9.113s] INFO:colcon.colcon_notification.desktop_notification:Sending desktop notification using 'notify2'
[9.203s] DEBUG:colcon.colcon_core.event_reactor:joined thread
[9.204s] INFO:colcon.colcon_core.shell:Creating prefix script '/home/optimus/optimus_ws/install/local_setup.ps1'
[9.209s] INFO:colcon.colcon_core.shell:Creating prefix util module '/home/optimus/optimus_ws/install/_local_setup_util_ps1.py'
[9.221s] INFO:colcon.colcon_core.shell:Creating prefix chain script '/home/optimus/optimus_ws/install/setup.ps1'
[9.228s] INFO:colcon.colcon_core.shell:Creating prefix script '/home/optimus/optimus_ws/install/local_setup.sh'
[9.233s] INFO:colcon.colcon_core.shell:Creating prefix util module '/home/optimus/optimus_ws/install/_local_setup_util_sh.py'
[9.237s] INFO:colcon.colcon_core.shell:Creating prefix chain script '/home/optimus/optimus_ws/install/setup.sh'
[9.245s] INFO:colcon.colcon_core.shell:Creating prefix script '/home/optimus/optimus_ws/install/local_setup.bash'
[9.249s] INFO:colcon.colcon_core.shell:Creating prefix chain script '/home/optimus/optimus_ws/install/setup.bash'
[9.257s] INFO:colcon.colcon_core.shell:Creating prefix script '/home/optimus/optimus_ws/install/local_setup.zsh'
[9.260s] INFO:colcon.colcon_core.shell:Creating prefix chain script '/home/optimus/optimus_ws/install/setup.zsh'
