[0.466s] DEBUG:colcon:Command line arguments: ['/usr/bin/colcon', 'build', '--packages-select', 'optimus_interfaces']
[0.467s] DEBUG:colcon:Parsed command line arguments: Namespace(log_base=None, log_level=None, verb_name='build', build_base='build', install_base='install', merge_install=False, symlink_install=False, test_result_base=None, continue_on_error=False, executor='parallel', parallel_workers=4, event_handlers=None, ignore_user_meta=False, metas=['./colcon.meta'], base_paths=['.'], packages_ignore=None, packages_ignore_regex=None, paths=None, packages_up_to=None, packages_up_to_regex=None, packages_above=None, packages_above_and_dependencies=None, packages_above_depth=None, packages_select_by_dep=None, packages_skip_by_dep=None, packages_skip_up_to=None, packages_select_build_failed=False, packages_skip_build_finished=False, packages_select_test_failures=False, packages_skip_test_passed=False, packages_select=['optimus_interfaces'], packages_skip=None, packages_select_regex=None, packages_skip_regex=None, packages_start=None, packages_end=None, allow_overriding=[], cmake_args=None, cmake_target=None, cmake_target_skip_unavailable=False, cmake_clean_cache=False, cmake_clean_first=False, cmake_force_configure=False, ament_cmake_args=None, catkin_cmake_args=None, catkin_skip_building_tests=False, mixin_files=None, mixin=None, verb_parser=<colcon_mixin.mixin.mixin_argument.MixinArgumentDecorator object at 0xffffa87eb080>, verb_extension=<colcon_core.verb.build.BuildVerb object at 0xffffa89a3a70>, main=<bound method BuildVerb.main of <colcon_core.verb.build.BuildVerb object at 0xffffa89a3a70>>, mixin_verb=('build',))
[0.737s] Level 1:colcon.colcon_core.package_discovery:discover_packages(colcon_meta) check parameters
[0.737s] Level 1:colcon.colcon_core.package_discovery:discover_packages(recursive) check parameters
[0.738s] Level 1:colcon.colcon_core.package_discovery:discover_packages(ignore) check parameters
[0.738s] Level 1:colcon.colcon_core.package_discovery:discover_packages(path) check parameters
[0.738s] Level 1:colcon.colcon_core.package_discovery:discover_packages(colcon_meta) discover
[0.738s] Level 1:colcon.colcon_core.package_discovery:discover_packages(recursive) discover
[0.738s] INFO:colcon.colcon_core.package_discovery:Crawling recursively for packages in '/home/optimus/optimus_ws'
[0.739s] Level 1:colcon.colcon_core.package_identification:_identify(.) by extensions ['ignore', 'ignore_ament_install']
[0.739s] Level 1:colcon.colcon_core.package_identification:_identify(.) by extension 'ignore'
[0.740s] Level 1:colcon.colcon_core.package_identification:_identify(.) by extension 'ignore_ament_install'
[0.740s] Level 1:colcon.colcon_core.package_identification:_identify(.) by extensions ['colcon_pkg']
[0.740s] Level 1:colcon.colcon_core.package_identification:_identify(.) by extension 'colcon_pkg'
[0.740s] Level 1:colcon.colcon_core.package_identification:_identify(.) by extensions ['colcon_meta']
[0.741s] Level 1:colcon.colcon_core.package_identification:_identify(.) by extension 'colcon_meta'
[0.741s] Level 1:colcon.colcon_core.package_identification:_identify(.) by extensions ['ros']
[0.741s] Level 1:colcon.colcon_core.package_identification:_identify(.) by extension 'ros'
[0.856s] Level 1:colcon.colcon_core.package_identification:_identify(.) by extensions ['cmake', 'python']
[0.856s] Level 1:colcon.colcon_core.package_identification:_identify(.) by extension 'cmake'
[0.857s] Level 1:colcon.colcon_core.package_identification:_identify(.) by extension 'python'
[0.857s] Level 1:colcon.colcon_core.package_identification:_identify(.) by extensions ['python_setup_py']
[0.857s] Level 1:colcon.colcon_core.package_identification:_identify(.) by extension 'python_setup_py'
[0.858s] Level 1:colcon.colcon_core.package_identification:_identify(build) by extensions ['ignore', 'ignore_ament_install']
[0.859s] Level 1:colcon.colcon_core.package_identification:_identify(build) by extension 'ignore'
[0.859s] Level 1:colcon.colcon_core.package_identification:_identify(build) ignored
[0.860s] Level 1:colcon.colcon_core.package_identification:_identify(install) by extensions ['ignore', 'ignore_ament_install']
[0.860s] Level 1:colcon.colcon_core.package_identification:_identify(install) by extension 'ignore'
[0.860s] Level 1:colcon.colcon_core.package_identification:_identify(install) ignored
[0.861s] Level 1:colcon.colcon_core.package_identification:_identify(log) by extensions ['ignore', 'ignore_ament_install']
[0.861s] Level 1:colcon.colcon_core.package_identification:_identify(log) by extension 'ignore'
[0.861s] Level 1:colcon.colcon_core.package_identification:_identify(log) ignored
[0.862s] Level 1:colcon.colcon_core.package_identification:_identify(src) by extensions ['ignore', 'ignore_ament_install']
[0.862s] Level 1:colcon.colcon_core.package_identification:_identify(src) by extension 'ignore'
[0.862s] Level 1:colcon.colcon_core.package_identification:_identify(src) by extension 'ignore_ament_install'
[0.863s] Level 1:colcon.colcon_core.package_identification:_identify(src) by extensions ['colcon_pkg']
[0.863s] Level 1:colcon.colcon_core.package_identification:_identify(src) by extension 'colcon_pkg'
[0.863s] Level 1:colcon.colcon_core.package_identification:_identify(src) by extensions ['colcon_meta']
[0.863s] Level 1:colcon.colcon_core.package_identification:_identify(src) by extension 'colcon_meta'
[0.863s] Level 1:colcon.colcon_core.package_identification:_identify(src) by extensions ['ros']
[0.863s] Level 1:colcon.colcon_core.package_identification:_identify(src) by extension 'ros'
[0.864s] Level 1:colcon.colcon_core.package_identification:_identify(src) by extensions ['cmake', 'python']
[0.864s] Level 1:colcon.colcon_core.package_identification:_identify(src) by extension 'cmake'
[0.864s] Level 1:colcon.colcon_core.package_identification:_identify(src) by extension 'python'
[0.864s] Level 1:colcon.colcon_core.package_identification:_identify(src) by extensions ['python_setup_py']
[0.864s] Level 1:colcon.colcon_core.package_identification:_identify(src) by extension 'python_setup_py'
[0.865s] Level 1:colcon.colcon_core.package_identification:_identify(src/optimus_hardware) by extensions ['ignore', 'ignore_ament_install']
[0.865s] Level 1:colcon.colcon_core.package_identification:_identify(src/optimus_hardware) by extension 'ignore'
[0.866s] Level 1:colcon.colcon_core.package_identification:_identify(src/optimus_hardware) by extension 'ignore_ament_install'
[0.866s] Level 1:colcon.colcon_core.package_identification:_identify(src/optimus_hardware) by extensions ['colcon_pkg']
[0.866s] Level 1:colcon.colcon_core.package_identification:_identify(src/optimus_hardware) by extension 'colcon_pkg'
[0.866s] Level 1:colcon.colcon_core.package_identification:_identify(src/optimus_hardware) by extensions ['colcon_meta']
[0.866s] Level 1:colcon.colcon_core.package_identification:_identify(src/optimus_hardware) by extension 'colcon_meta'
[0.867s] Level 1:colcon.colcon_core.package_identification:_identify(src/optimus_hardware) by extensions ['ros']
[0.867s] Level 1:colcon.colcon_core.package_identification:_identify(src/optimus_hardware) by extension 'ros'
[0.879s] DEBUG:colcon.colcon_core.package_identification:Package 'src/optimus_hardware' with type 'ros.ament_python' and name 'optimus_hardware'
[0.880s] Level 1:colcon.colcon_core.package_identification:_identify(src/optimus_interfaces) by extensions ['ignore', 'ignore_ament_install']
[0.880s] Level 1:colcon.colcon_core.package_identification:_identify(src/optimus_interfaces) by extension 'ignore'
[0.880s] Level 1:colcon.colcon_core.package_identification:_identify(src/optimus_interfaces) by extension 'ignore_ament_install'
[0.881s] Level 1:colcon.colcon_core.package_identification:_identify(src/optimus_interfaces) by extensions ['colcon_pkg']
[0.881s] Level 1:colcon.colcon_core.package_identification:_identify(src/optimus_interfaces) by extension 'colcon_pkg'
[0.882s] Level 1:colcon.colcon_core.package_identification:_identify(src/optimus_interfaces) by extensions ['colcon_meta']
[0.882s] Level 1:colcon.colcon_core.package_identification:_identify(src/optimus_interfaces) by extension 'colcon_meta'
[0.882s] Level 1:colcon.colcon_core.package_identification:_identify(src/optimus_interfaces) by extensions ['ros']
[0.882s] Level 1:colcon.colcon_core.package_identification:_identify(src/optimus_interfaces) by extension 'ros'
[0.884s] DEBUG:colcon.colcon_core.package_identification:Package 'src/optimus_interfaces' with type 'ros.ament_cmake' and name 'optimus_interfaces'
[0.884s] Level 1:colcon.colcon_core.package_discovery:discover_packages(recursive) using defaults
[0.885s] Level 1:colcon.colcon_core.package_discovery:discover_packages(ignore) discover
[0.885s] Level 1:colcon.colcon_core.package_discovery:discover_packages(ignore) using defaults
[0.885s] Level 1:colcon.colcon_core.package_discovery:discover_packages(path) discover
[0.885s] Level 1:colcon.colcon_core.package_discovery:discover_packages(path) using defaults
[0.977s] INFO:colcon.colcon_core.package_selection:Skipping not selected package 'optimus_hardware' in 'src/optimus_hardware'
[0.980s] Level 1:colcon.colcon_core.package_discovery:discover_packages(prefix_path) check parameters
[0.980s] Level 1:colcon.colcon_core.package_discovery:discover_packages(prefix_path) discover
[0.992s] DEBUG:colcon.colcon_installed_package_information.package_discovery:Found 1 installed packages in /home/optimus/optimus_ws/install
[1.004s] DEBUG:colcon.colcon_installed_package_information.package_discovery:Found 293 installed packages in /opt/ros/jazzy
[1.008s] Level 1:colcon.colcon_core.package_discovery:discover_packages(prefix_path) using defaults
[1.213s] Level 5:colcon.colcon_core.verb:set package 'optimus_interfaces' build argument 'cmake_args' from command line to 'None'
[1.213s] Level 5:colcon.colcon_core.verb:set package 'optimus_interfaces' build argument 'cmake_target' from command line to 'None'
[1.213s] Level 5:colcon.colcon_core.verb:set package 'optimus_interfaces' build argument 'cmake_target_skip_unavailable' from command line to 'False'
[1.214s] Level 5:colcon.colcon_core.verb:set package 'optimus_interfaces' build argument 'cmake_clean_cache' from command line to 'False'
[1.214s] Level 5:colcon.colcon_core.verb:set package 'optimus_interfaces' build argument 'cmake_clean_first' from command line to 'False'
[1.214s] Level 5:colcon.colcon_core.verb:set package 'optimus_interfaces' build argument 'cmake_force_configure' from command line to 'False'
[1.214s] Level 5:colcon.colcon_core.verb:set package 'optimus_interfaces' build argument 'ament_cmake_args' from command line to 'None'
[1.214s] Level 5:colcon.colcon_core.verb:set package 'optimus_interfaces' build argument 'catkin_cmake_args' from command line to 'None'
[1.214s] Level 5:colcon.colcon_core.verb:set package 'optimus_interfaces' build argument 'catkin_skip_building_tests' from command line to 'False'
[1.214s] DEBUG:colcon.colcon_core.verb:Building package 'optimus_interfaces' with the following arguments: {'ament_cmake_args': None, 'build_base': '/home/optimus/optimus_ws/build/optimus_interfaces', 'catkin_cmake_args': None, 'catkin_skip_building_tests': False, 'cmake_args': None, 'cmake_clean_cache': False, 'cmake_clean_first': False, 'cmake_force_configure': False, 'cmake_target': None, 'cmake_target_skip_unavailable': False, 'install_base': '/home/optimus/optimus_ws/install/optimus_interfaces', 'merge_install': False, 'path': '/home/optimus/optimus_ws/src/optimus_interfaces', 'symlink_install': False, 'test_result_base': None}
[1.215s] INFO:colcon.colcon_core.executor:Executing jobs using 'parallel' executor
[1.218s] DEBUG:colcon.colcon_parallel_executor.executor.parallel:run_until_complete
[1.219s] INFO:colcon.colcon_ros.task.ament_cmake.build:Building ROS package in '/home/optimus/optimus_ws/src/optimus_interfaces' with build type 'ament_cmake'
[1.220s] INFO:colcon.colcon_cmake.task.cmake.build:Building CMake package in '/home/optimus/optimus_ws/src/optimus_interfaces'
[1.234s] INFO:colcon.colcon_core.plugin_system:Skipping extension 'colcon_core.shell.bat': Not used on non-Windows systems
[1.235s] INFO:colcon.colcon_core.shell:Skip shell extension 'powershell' for command environment: Not usable outside of PowerShell
[1.235s] DEBUG:colcon.colcon_core.shell:Skip shell extension 'dsv' for command environment
[1.277s] DEBUG:colcon.colcon_core.event_handler.log_command:Invoking command in '/home/optimus/optimus_ws/build/optimus_interfaces': CMAKE_PREFIX_PATH=${CMAKE_PREFIX_PATH}:/home/optimus/optimus_ws/install/optimus_hardware:/opt/ros/jazzy DEBUGINFOD_URLS=https://debuginfod.ubuntu.com /usr/bin/cmake /home/optimus/optimus_ws/src/optimus_interfaces -DCMAKE_INSTALL_PREFIX=/home/optimus/optimus_ws/install/optimus_interfaces
[19.151s] DEBUG:colcon.colcon_core.event_handler.log_command:Invoked command in '/home/optimus/optimus_ws/build/optimus_interfaces' returned '0': CMAKE_PREFIX_PATH=${CMAKE_PREFIX_PATH}:/home/optimus/optimus_ws/install/optimus_hardware:/opt/ros/jazzy DEBUGINFOD_URLS=https://debuginfod.ubuntu.com /usr/bin/cmake /home/optimus/optimus_ws/src/optimus_interfaces -DCMAKE_INSTALL_PREFIX=/home/optimus/optimus_ws/install/optimus_interfaces
[19.158s] DEBUG:colcon.colcon_core.event_handler.log_command:Invoking command in '/home/optimus/optimus_ws/build/optimus_interfaces': CMAKE_PREFIX_PATH=${CMAKE_PREFIX_PATH}:/home/optimus/optimus_ws/install/optimus_hardware:/opt/ros/jazzy DEBUGINFOD_URLS=https://debuginfod.ubuntu.com /usr/bin/cmake --build /home/optimus/optimus_ws/build/optimus_interfaces -- -j4 -l4
[33.143s] DEBUG:colcon.colcon_core.event_handler.log_command:Invoked command in '/home/optimus/optimus_ws/build/optimus_interfaces' returned '0': CMAKE_PREFIX_PATH=${CMAKE_PREFIX_PATH}:/home/optimus/optimus_ws/install/optimus_hardware:/opt/ros/jazzy DEBUGINFOD_URLS=https://debuginfod.ubuntu.com /usr/bin/cmake --build /home/optimus/optimus_ws/build/optimus_interfaces -- -j4 -l4
[33.196s] DEBUG:colcon.colcon_core.event_handler.log_command:Invoking command in '/home/optimus/optimus_ws/build/optimus_interfaces': CMAKE_PREFIX_PATH=${CMAKE_PREFIX_PATH}:/home/optimus/optimus_ws/install/optimus_hardware:/opt/ros/jazzy DEBUGINFOD_URLS=https://debuginfod.ubuntu.com /usr/bin/cmake --install /home/optimus/optimus_ws/build/optimus_interfaces
[33.656s] Level 1:colcon.colcon_core.environment:create_environment_scripts_only(optimus_interfaces)
[33.657s] DEBUG:colcon.colcon_core.event_handler.log_command:Invoked command in '/home/optimus/optimus_ws/build/optimus_interfaces' returned '0': CMAKE_PREFIX_PATH=${CMAKE_PREFIX_PATH}:/home/optimus/optimus_ws/install/optimus_hardware:/opt/ros/jazzy DEBUGINFOD_URLS=https://debuginfod.ubuntu.com /usr/bin/cmake --install /home/optimus/optimus_ws/build/optimus_interfaces
[33.676s] Level 1:colcon.colcon_core.environment:checking '/home/optimus/optimus_ws/install/optimus_interfaces' for CMake module files
[33.681s] Level 1:colcon.colcon_core.environment:checking '/home/optimus/optimus_ws/install/optimus_interfaces' for CMake config files
[33.684s] Level 1:colcon.colcon_core.shell:create_environment_hook('optimus_interfaces', 'cmake_prefix_path')
[33.685s] INFO:colcon.colcon_core.shell:Creating environment hook '/home/optimus/optimus_ws/install/optimus_interfaces/share/optimus_interfaces/hook/cmake_prefix_path.ps1'
[33.688s] INFO:colcon.colcon_core.shell:Creating environment descriptor '/home/optimus/optimus_ws/install/optimus_interfaces/share/optimus_interfaces/hook/cmake_prefix_path.dsv'
[33.690s] INFO:colcon.colcon_core.shell:Creating environment hook '/home/optimus/optimus_ws/install/optimus_interfaces/share/optimus_interfaces/hook/cmake_prefix_path.sh'
[33.694s] Level 1:colcon.colcon_core.environment:checking '/home/optimus/optimus_ws/install/optimus_interfaces/lib'
[33.695s] Level 1:colcon.colcon_core.shell:create_environment_hook('optimus_interfaces', 'ld_library_path_lib')
[33.696s] INFO:colcon.colcon_core.shell:Creating environment hook '/home/optimus/optimus_ws/install/optimus_interfaces/share/optimus_interfaces/hook/ld_library_path_lib.ps1'
[33.697s] INFO:colcon.colcon_core.shell:Creating environment descriptor '/home/optimus/optimus_ws/install/optimus_interfaces/share/optimus_interfaces/hook/ld_library_path_lib.dsv'
[33.699s] INFO:colcon.colcon_core.shell:Creating environment hook '/home/optimus/optimus_ws/install/optimus_interfaces/share/optimus_interfaces/hook/ld_library_path_lib.sh'
[33.701s] Level 1:colcon.colcon_core.environment:checking '/home/optimus/optimus_ws/install/optimus_interfaces/bin'
[33.702s] Level 1:colcon.colcon_core.environment:checking '/home/optimus/optimus_ws/install/optimus_interfaces/lib/pkgconfig/optimus_interfaces.pc'
[33.703s] Level 1:colcon.colcon_core.environment:checking '/home/optimus/optimus_ws/install/optimus_interfaces/lib/python3.12/site-packages'
[33.703s] Level 1:colcon.colcon_core.shell:create_environment_hook('optimus_interfaces', 'pythonpath')
[33.704s] INFO:colcon.colcon_core.shell:Creating environment hook '/home/optimus/optimus_ws/install/optimus_interfaces/share/optimus_interfaces/hook/pythonpath.ps1'
[33.706s] INFO:colcon.colcon_core.shell:Creating environment descriptor '/home/optimus/optimus_ws/install/optimus_interfaces/share/optimus_interfaces/hook/pythonpath.dsv'
[33.708s] INFO:colcon.colcon_core.shell:Creating environment hook '/home/optimus/optimus_ws/install/optimus_interfaces/share/optimus_interfaces/hook/pythonpath.sh'
[33.711s] Level 1:colcon.colcon_core.environment:checking '/home/optimus/optimus_ws/install/optimus_interfaces/bin'
[33.712s] INFO:colcon.colcon_core.shell:Creating package script '/home/optimus/optimus_ws/install/optimus_interfaces/share/optimus_interfaces/package.ps1'
[33.716s] INFO:colcon.colcon_core.shell:Creating package descriptor '/home/optimus/optimus_ws/install/optimus_interfaces/share/optimus_interfaces/package.dsv'
[33.719s] INFO:colcon.colcon_core.shell:Creating package script '/home/optimus/optimus_ws/install/optimus_interfaces/share/optimus_interfaces/package.sh'
[33.723s] INFO:colcon.colcon_core.shell:Creating package script '/home/optimus/optimus_ws/install/optimus_interfaces/share/optimus_interfaces/package.bash'
[33.726s] INFO:colcon.colcon_core.shell:Creating package script '/home/optimus/optimus_ws/install/optimus_interfaces/share/optimus_interfaces/package.zsh'
[33.729s] Level 1:colcon.colcon_core.environment:create_file_with_runtime_dependencies(/home/optimus/optimus_ws/install/optimus_interfaces/share/colcon-core/packages/optimus_interfaces)
[33.732s] Level 1:colcon.colcon_core.environment:create_environment_scripts_only(optimus_interfaces)
[33.733s] Level 1:colcon.colcon_core.environment:checking '/home/optimus/optimus_ws/install/optimus_interfaces' for CMake module files
[33.738s] Level 1:colcon.colcon_core.environment:checking '/home/optimus/optimus_ws/install/optimus_interfaces' for CMake config files
[33.741s] Level 1:colcon.colcon_core.shell:create_environment_hook('optimus_interfaces', 'cmake_prefix_path')
[33.742s] INFO:colcon.colcon_core.shell:Creating environment hook '/home/optimus/optimus_ws/install/optimus_interfaces/share/optimus_interfaces/hook/cmake_prefix_path.ps1'
[33.743s] INFO:colcon.colcon_core.shell:Creating environment descriptor '/home/optimus/optimus_ws/install/optimus_interfaces/share/optimus_interfaces/hook/cmake_prefix_path.dsv'
[33.746s] INFO:colcon.colcon_core.shell:Creating environment hook '/home/optimus/optimus_ws/install/optimus_interfaces/share/optimus_interfaces/hook/cmake_prefix_path.sh'
[33.751s] Level 1:colcon.colcon_core.environment:checking '/home/optimus/optimus_ws/install/optimus_interfaces/lib'
[33.751s] Level 1:colcon.colcon_core.shell:create_environment_hook('optimus_interfaces', 'ld_library_path_lib')
[33.752s] INFO:colcon.colcon_core.shell:Creating environment hook '/home/optimus/optimus_ws/install/optimus_interfaces/share/optimus_interfaces/hook/ld_library_path_lib.ps1'
[33.755s] INFO:colcon.colcon_core.shell:Creating environment descriptor '/home/optimus/optimus_ws/install/optimus_interfaces/share/optimus_interfaces/hook/ld_library_path_lib.dsv'
[33.757s] INFO:colcon.colcon_core.shell:Creating environment hook '/home/optimus/optimus_ws/install/optimus_interfaces/share/optimus_interfaces/hook/ld_library_path_lib.sh'
[33.760s] Level 1:colcon.colcon_core.environment:checking '/home/optimus/optimus_ws/install/optimus_interfaces/bin'
[33.760s] Level 1:colcon.colcon_core.environment:checking '/home/optimus/optimus_ws/install/optimus_interfaces/lib/pkgconfig/optimus_interfaces.pc'
[33.761s] Level 1:colcon.colcon_core.environment:checking '/home/optimus/optimus_ws/install/optimus_interfaces/lib/python3.12/site-packages'
[33.762s] Level 1:colcon.colcon_core.shell:create_environment_hook('optimus_interfaces', 'pythonpath')
[33.763s] INFO:colcon.colcon_core.shell:Creating environment hook '/home/optimus/optimus_ws/install/optimus_interfaces/share/optimus_interfaces/hook/pythonpath.ps1'
[33.766s] INFO:colcon.colcon_core.shell:Creating environment descriptor '/home/optimus/optimus_ws/install/optimus_interfaces/share/optimus_interfaces/hook/pythonpath.dsv'
[33.768s] INFO:colcon.colcon_core.shell:Creating environment hook '/home/optimus/optimus_ws/install/optimus_interfaces/share/optimus_interfaces/hook/pythonpath.sh'
[33.770s] Level 1:colcon.colcon_core.environment:checking '/home/optimus/optimus_ws/install/optimus_interfaces/bin'
[33.772s] INFO:colcon.colcon_core.shell:Creating package script '/home/optimus/optimus_ws/install/optimus_interfaces/share/optimus_interfaces/package.ps1'
[33.774s] INFO:colcon.colcon_core.shell:Creating package descriptor '/home/optimus/optimus_ws/install/optimus_interfaces/share/optimus_interfaces/package.dsv'
[33.777s] INFO:colcon.colcon_core.shell:Creating package script '/home/optimus/optimus_ws/install/optimus_interfaces/share/optimus_interfaces/package.sh'
[33.779s] INFO:colcon.colcon_core.shell:Creating package script '/home/optimus/optimus_ws/install/optimus_interfaces/share/optimus_interfaces/package.bash'
[33.781s] INFO:colcon.colcon_core.shell:Creating package script '/home/optimus/optimus_ws/install/optimus_interfaces/share/optimus_interfaces/package.zsh'
[33.783s] Level 1:colcon.colcon_core.environment:create_file_with_runtime_dependencies(/home/optimus/optimus_ws/install/optimus_interfaces/share/colcon-core/packages/optimus_interfaces)
[33.784s] DEBUG:colcon.colcon_parallel_executor.executor.parallel:closing loop
[33.786s] DEBUG:colcon.colcon_parallel_executor.executor.parallel:loop closed
[33.786s] DEBUG:colcon.colcon_parallel_executor.executor.parallel:run_until_complete finished with '0'
[33.786s] DEBUG:colcon.colcon_core.event_reactor:joining thread
[33.814s] INFO:colcon.colcon_core.plugin_system:Skipping extension 'colcon_notification.desktop_notification.terminal_notifier': Not used on non-Darwin systems
[33.814s] INFO:colcon.colcon_core.plugin_system:Skipping extension 'colcon_notification.desktop_notification.win32': Not used on non-Windows systems
[33.814s] INFO:colcon.colcon_notification.desktop_notification:Sending desktop notification using 'notify2'
[33.907s] DEBUG:colcon.colcon_core.event_reactor:joined thread
[33.909s] INFO:colcon.colcon_core.shell:Creating prefix script '/home/optimus/optimus_ws/install/local_setup.ps1'
[33.914s] INFO:colcon.colcon_core.shell:Creating prefix util module '/home/optimus/optimus_ws/install/_local_setup_util_ps1.py'
[33.922s] INFO:colcon.colcon_core.shell:Creating prefix chain script '/home/optimus/optimus_ws/install/setup.ps1'
[33.929s] INFO:colcon.colcon_core.shell:Creating prefix script '/home/optimus/optimus_ws/install/local_setup.sh'
[33.934s] INFO:colcon.colcon_core.shell:Creating prefix util module '/home/optimus/optimus_ws/install/_local_setup_util_sh.py'
[33.939s] INFO:colcon.colcon_core.shell:Creating prefix chain script '/home/optimus/optimus_ws/install/setup.sh'
[33.948s] INFO:colcon.colcon_core.shell:Creating prefix script '/home/optimus/optimus_ws/install/local_setup.bash'
[33.952s] INFO:colcon.colcon_core.shell:Creating prefix chain script '/home/optimus/optimus_ws/install/setup.bash'
[33.959s] INFO:colcon.colcon_core.shell:Creating prefix script '/home/optimus/optimus_ws/install/local_setup.zsh'
[33.963s] INFO:colcon.colcon_core.shell:Creating prefix chain script '/home/optimus/optimus_ws/install/setup.zsh'
