[4.422s] Invoking command in '/home/optimus/optimus_ws/src/optimus_hardware': DEBUGINFOD_URLS=https://debuginfod.ubuntu.com PYTHONPATH=/home/optimus/optimus_ws/build/optimus_hardware/prefix_override:/usr/lib/python3/dist-packages/colcon_core/task/python/colcon_distutils_commands:/home/optimus/optimus_ws/install/optimus_hardware/lib/python3.12/site-packages:${PYTHONPATH} /usr/bin/python3 -W ignore:setup.py install is deprecated -W ignore:easy_install command is deprecated setup.py egg_info --egg-base ../../build/optimus_hardware build --build-base /home/optimus/optimus_ws/build/optimus_hardware/build install --record /home/optimus/optimus_ws/build/optimus_hardware/install.log --single-version-externally-managed install_data
[5.662s] running egg_info
[5.664s] creating ../../build/optimus_hardware/optimus_hardware.egg-info
[5.755s] writing ../../build/optimus_hardware/optimus_hardware.egg-info/PKG-INFO
[5.758s] writing dependency_links to ../../build/optimus_hardware/optimus_hardware.egg-info/dependency_links.txt
[5.759s] writing requirements to ../../build/optimus_hardware/optimus_hardware.egg-info/requires.txt
[5.760s] writing top-level names to ../../build/optimus_hardware/optimus_hardware.egg-info/top_level.txt
[5.761s] writing manifest file '../../build/optimus_hardware/optimus_hardware.egg-info/SOURCES.txt'
[5.961s] reading manifest file '../../build/optimus_hardware/optimus_hardware.egg-info/SOURCES.txt'
[5.962s] adding license file 'LICENSE'
[5.964s] writing manifest file '../../build/optimus_hardware/optimus_hardware.egg-info/SOURCES.txt'
[5.965s] running build
[5.966s] running build_py
[5.967s] creating /home/optimus/optimus_ws/build/optimus_hardware/build
[5.967s] creating /home/optimus/optimus_ws/build/optimus_hardware/build/lib
[5.968s] creating /home/optimus/optimus_ws/build/optimus_hardware/build/lib/optimus_hardware
[5.968s] copying optimus_hardware/__init__.py -> /home/optimus/optimus_ws/build/optimus_hardware/build/lib/optimus_hardware
[5.971s] copying optimus_hardware/controller_node.py -> /home/optimus/optimus_ws/build/optimus_hardware/build/lib/optimus_hardware
[5.972s] running install
[6.001s] running install_lib
[6.091s] creating /home/optimus/optimus_ws/install/optimus_hardware/lib/python3.12/site-packages/optimus_hardware
[6.092s] copying /home/optimus/optimus_ws/build/optimus_hardware/build/lib/optimus_hardware/__init__.py -> /home/optimus/optimus_ws/install/optimus_hardware/lib/python3.12/site-packages/optimus_hardware
[6.092s] copying /home/optimus/optimus_ws/build/optimus_hardware/build/lib/optimus_hardware/controller_node.py -> /home/optimus/optimus_ws/install/optimus_hardware/lib/python3.12/site-packages/optimus_hardware
[6.095s] byte-compiling /home/optimus/optimus_ws/install/optimus_hardware/lib/python3.12/site-packages/optimus_hardware/__init__.py to __init__.cpython-312.pyc
[6.097s] byte-compiling /home/optimus/optimus_ws/install/optimus_hardware/lib/python3.12/site-packages/optimus_hardware/controller_node.py to controller_node.cpython-312.pyc
[6.098s] running install_data
[6.100s] creating /home/optimus/optimus_ws/install/optimus_hardware/share/ament_index
[6.100s] creating /home/optimus/optimus_ws/install/optimus_hardware/share/ament_index/resource_index
[6.101s] creating /home/optimus/optimus_ws/install/optimus_hardware/share/ament_index/resource_index/packages
[6.102s] copying resource/optimus_hardware -> /home/optimus/optimus_ws/install/optimus_hardware/share/ament_index/resource_index/packages
[6.103s] copying package.xml -> /home/optimus/optimus_ws/install/optimus_hardware/share/optimus_hardware
[6.103s] running install_egg_info
[6.200s] Copying ../../build/optimus_hardware/optimus_hardware.egg-info to /home/optimus/optimus_ws/install/optimus_hardware/lib/python3.12/site-packages/optimus_hardware-0.0.0-py3.12.egg-info
[6.205s] running install_scripts
[6.894s] writing list of installed files to '/home/optimus/optimus_ws/build/optimus_hardware/install.log'
[7.039s] Invoked command in '/home/optimus/optimus_ws/src/optimus_hardware' returned '0': DEBUGINFOD_URLS=https://debuginfod.ubuntu.com PYTHONPATH=/home/optimus/optimus_ws/build/optimus_hardware/prefix_override:/usr/lib/python3/dist-packages/colcon_core/task/python/colcon_distutils_commands:/home/optimus/optimus_ws/install/optimus_hardware/lib/python3.12/site-packages:${PYTHONPATH} /usr/bin/python3 -W ignore:setup.py install is deprecated -W ignore:easy_install command is deprecated setup.py egg_info --egg-base ../../build/optimus_hardware build --build-base /home/optimus/optimus_ws/build/optimus_hardware/build install --record /home/optimus/optimus_ws/build/optimus_hardware/install.log --single-version-externally-managed install_data
