[0.094s] Invoking command in '/home/optimus/optimus_ws/build/optimus_bringup': CMAKE_PREFIX_PATH=${CMAKE_PREFIX_PATH}:/home/optimus/optimus_ws/install/optimus_hardware:/opt/ros/jazzy /usr/bin/cmake /home/optimus/optimus_ws/src/optimus_bringup -DCMAKE_INSTALL_PREFIX=/home/optimus/optimus_ws/install/optimus_bringup
[0.457s] -- The C compiler identification is GNU 13.3.0
[0.879s] -- The CXX compiler identification is GNU 13.3.0
[0.974s] -- Detecting C compiler ABI info
[2.044s] -- Detecting C compiler ABI info - done
[2.204s] -- Check for working C compiler: /usr/bin/cc - skipped
[2.209s] -- Detecting C compile features
[2.214s] -- Detecting C compile features - done
[2.369s] -- Detecting CXX compiler ABI info
[4.341s] -- Detecting CXX compiler ABI info - done
[4.398s] -- Check for working CXX compiler: /usr/bin/c++ - skipped
[4.408s] -- Detecting CXX compile features
[4.409s] -- Detecting CXX compile features - done
[4.433s] -- Found ament_cmake: 2.5.3 (/opt/ros/jazzy/share/ament_cmake/cmake)
[5.406s] -- Found Python3: /usr/bin/python3 (found version "3.12.3") found components: Interpreter 
[6.819s] -- Configuring done (6.7s)
[6.846s] -- Generating done (0.0s)
[6.859s] -- Build files have been written to: /home/optimus/optimus_ws/build/optimus_bringup
[6.885s] Invoked command in '/home/optimus/optimus_ws/build/optimus_bringup' returned '0': CMAKE_PREFIX_PATH=${CMAKE_PREFIX_PATH}:/home/optimus/optimus_ws/install/optimus_hardware:/opt/ros/jazzy /usr/bin/cmake /home/optimus/optimus_ws/src/optimus_bringup -DCMAKE_INSTALL_PREFIX=/home/optimus/optimus_ws/install/optimus_bringup
[6.896s] Invoking command in '/home/optimus/optimus_ws/build/optimus_bringup': CMAKE_PREFIX_PATH=${CMAKE_PREFIX_PATH}:/home/optimus/optimus_ws/install/optimus_hardware:/opt/ros/jazzy /usr/bin/cmake --build /home/optimus/optimus_ws/build/optimus_bringup -- -j4 -l4
[7.197s] Invoked command in '/home/optimus/optimus_ws/build/optimus_bringup' returned '0': CMAKE_PREFIX_PATH=${CMAKE_PREFIX_PATH}:/home/optimus/optimus_ws/install/optimus_hardware:/opt/ros/jazzy /usr/bin/cmake --build /home/optimus/optimus_ws/build/optimus_bringup -- -j4 -l4
[7.361s] Invoking command in '/home/optimus/optimus_ws/build/optimus_bringup': CMAKE_PREFIX_PATH=${CMAKE_PREFIX_PATH}:/home/optimus/optimus_ws/install/optimus_hardware:/opt/ros/jazzy /usr/bin/cmake --install /home/optimus/optimus_ws/build/optimus_bringup
[7.404s] -- Install configuration: ""
[7.405s] -- Installing: /home/optimus/optimus_ws/install/optimus_bringup/share/optimus_bringup/launch
[7.407s] -- Installing: /home/optimus/optimus_ws/install/optimus_bringup/share/optimus_bringup/launch/optimus_mrk_I.launch.xml
[7.411s] -- Installing: /home/optimus/optimus_ws/install/optimus_bringup/share/ament_index/resource_index/package_run_dependencies/optimus_bringup
[7.414s] -- Installing: /home/optimus/optimus_ws/install/optimus_bringup/share/ament_index/resource_index/parent_prefix_path/optimus_bringup
[7.428s] -- Installing: /home/optimus/optimus_ws/install/optimus_bringup/share/optimus_bringup/environment/ament_prefix_path.sh
[7.440s] -- Installing: /home/optimus/optimus_ws/install/optimus_bringup/share/optimus_bringup/environment/ament_prefix_path.dsv
[7.455s] -- Installing: /home/optimus/optimus_ws/install/optimus_bringup/share/optimus_bringup/environment/path.sh
[7.463s] -- Installing: /home/optimus/optimus_ws/install/optimus_bringup/share/optimus_bringup/environment/path.dsv
[7.475s] -- Installing: /home/optimus/optimus_ws/install/optimus_bringup/share/optimus_bringup/local_setup.bash
[7.489s] -- Installing: /home/optimus/optimus_ws/install/optimus_bringup/share/optimus_bringup/local_setup.sh
[7.504s] -- Installing: /home/optimus/optimus_ws/install/optimus_bringup/share/optimus_bringup/local_setup.zsh
[7.509s] -- Installing: /home/optimus/optimus_ws/install/optimus_bringup/share/optimus_bringup/local_setup.dsv
[7.514s] -- Installing: /home/optimus/optimus_ws/install/optimus_bringup/share/optimus_bringup/package.dsv
[7.519s] -- Installing: /home/optimus/optimus_ws/install/optimus_bringup/share/ament_index/resource_index/packages/optimus_bringup
[7.524s] -- Installing: /home/optimus/optimus_ws/install/optimus_bringup/share/optimus_bringup/cmake/optimus_bringupConfig.cmake
[7.530s] -- Installing: /home/optimus/optimus_ws/install/optimus_bringup/share/optimus_bringup/cmake/optimus_bringupConfig-version.cmake
[7.537s] -- Installing: /home/optimus/optimus_ws/install/optimus_bringup/share/optimus_bringup/package.xml
[7.564s] Invoked command in '/home/optimus/optimus_ws/build/optimus_bringup' returned '0': CMAKE_PREFIX_PATH=${CMAKE_PREFIX_PATH}:/home/optimus/optimus_ws/install/optimus_hardware:/opt/ros/jazzy /usr/bin/cmake --install /home/optimus/optimus_ws/build/optimus_bringup
